Requirement already satisfied: pip in .\.venv\Lib\site-packages (26.0.1)
Requirement already satisfied: fastapi==0.116.1 in .\.venv\Lib\site-packages (from -r requirements.txt (line 1)) (0.116.1)
Requirement already satisfied: uvicorn==0.35.0 in .\.venv\Lib\site-packages (from uvicorn[standard]==0.35.0->-r requirements.txt (line 2)) (0.35.0)
Requirement already satisfied: python-multipart==0.0.20 in .\.venv\Lib\site-packages (from -r requirements.txt (line 3)) (0.0.20)
Requirement already satisfied: jinja2==3.1.6 in .\.venv\Lib\site-packages (from -r requirements.txt (line 4)) (3.1.6)
Requirement already satisfied: pillow==11.3.0 in .\.venv\Lib\site-packages (from -r requirements.txt (line 5)) (11.3.0)
Requirement already satisfied: pytesseract==0.3.13 in .\.venv\Lib\site-packages (from -r requirements.txt (line 6)) (0.3.13)
Requirement already satisfied: PyMuPDF==1.26.4 in .\.venv\Lib\site-packages (from -r requirements.txt (line 7)) (1.26.4)
Requirement already satisfied: requests==2.32.5 in .\.venv\Lib\site-packages (from -r requirements.txt (line 8)) (2.32.5)
Requirement already satisfied: starlette<0.48.0,>=0.40.0 in .\.venv\Lib\site-packages (from fastapi==0.116.1->-r requirements.txt (line 1)) (0.47.3)
Requirement already satisfied: pydantic!=1.8,!=1.8.1,!=2.0.0,!=2.0.1,!=2.1.0,<3.0.0,>=1.7.4 in .\.venv\Lib\site-packages (from fastapi==0.116.1->-r requirements.txt (line 1)) (2.12.5)
Requirement already satisfied: typing-extensions>=4.8.0 in .\.venv\Lib\site-packages (from fastapi==0.116.1->-r requirements.txt (line 1)) (4.15.0)
Requirement already satisfied: click>=7.0 in .\.venv\Lib\site-packages (from uvicorn==0.35.0->uvicorn[standard]==0.35.0->-r requirements.txt (line 2)) (8.3.1)
Requirement already satisfied: h11>=0.8 in .\.venv\Lib\site-packages (from uvicorn==0.35.0->uvicorn[standard]==0.35.0->-r requirements.txt (line 2)) (0.16.0)
Requirement already satisfied: MarkupSafe>=2.0 in .\.venv\Lib\site-packages (from jinja2==3.1.6->-r requirements.txt (line 4)) (3.0.3)
Requirement already satisfied: packaging>=21.3 in .\.venv\Lib\site-packages (from pytesseract==0.3.13->-r requirements.txt (line 6)) (26.0)
Requirement already satisfied: charset_normalizer<4,>=2 in .\.venv\Lib\site-packages (from requests==2.32.5->-r requirements.txt (line 8)) (3.4.4)
Requirement already satisfied: idna<4,>=2.5 in .\.venv\Lib\site-packages (from requests==2.32.5->-r requirements.txt (line 8)) (3.11)
Requirement already satisfied: urllib3<3,>=1.21.1 in .\.venv\Lib\site-packages (from requests==2.32.5->-r requirements.txt (line 8)) (2.6.3)
Requirement already satisfied: certifi>=2017.4.17 in .\.venv\Lib\site-packages (from requests==2.32.5->-r requirements.txt (line 8)) (2026.1.4)
Requirement already satisfied: colorama>=0.4 in .\.venv\Lib\site-packages (from uvicorn[standard]==0.35.0->-r requirements.txt (line 2)) (0.4.6)
Requirement already satisfied: httptools>=0.6.3 in .\.venv\Lib\site-packages (from uvicorn[standard]==0.35.0->-r requirements.txt (line 2)) (0.7.1)
Requirement already satisfied: python-dotenv>=0.13 in .\.venv\Lib\site-packages (from uvicorn[standard]==0.35.0->-r requirements.txt (line 2)) (1.2.1)
Requirement already satisfied: pyyaml>=5.1 in .\.venv\Lib\site-packages (from uvicorn[standard]==0.35.0->-r requirements.txt (line 2)) (6.0.3)
Requirement already satisfied: watchfiles>=0.13 in .\.venv\Lib\site-packages (from uvicorn[standard]==0.35.0->-r requirements.txt (line 2)) (1.1.1)
Requirement already satisfied: websockets>=10.4 in .\.venv\Lib\site-packages (from uvicorn[standard]==0.35.0->-r requirements.txt (line 2)) (16.0)
Requirement already satisfied: annotated-types>=0.6.0 in .\.venv\Lib\site-packages (from pydantic!=1.8,!=1.8.1,!=2.0.0,!=2.0.1,!=2.1.0,<3.0.0,>=1.7.4->fastapi==0.116.1->-r requirements.txt (line 1)) (0.7.0)
Requirement already satisfied: pydantic-core==2.41.5 in .\.venv\Lib\site-packages (from pydantic!=1.8,!=1.8.1,!=2.0.0,!=2.0.1,!=2.1.0,<3.0.0,>=1.7.4->fastapi==0.116.1->-r requirements.txt (line 1)) (2.41.5)
Requirement already satisfied: typing-inspection>=0.4.2 in .\.venv\Lib\site-packages (from pydantic!=1.8,!=1.8.1,!=2.0.0,!=2.0.1,!=2.1.0,<3.0.0,>=1.7.4->fastapi==0.116.1->-r requirements.txt (line 1)) (0.4.2)
Requirement already satisfied: anyio<5,>=3.6.2 in .\.venv\Lib\site-packages (from starlette<0.48.0,>=0.40.0->fastapi==0.116.1->-r requirements.txt (line 1)) (4.12.1)
Starting FastAPI on http://127.0.0.1:8090
